<?xml version="1.0" encoding="UTF-8"?>
<coverage generated="1771565929965" clover="3.2.0">
  <project timestamp="1771565929965" name="All files">
    <metrics statements="209" coveredstatements="131" conditionals="116" coveredconditionals="58" methods="74" coveredmethods="49" elements="399" coveredelements="238" complexity="0" loc="209" ncloc="209" packages="4" files="8" classes="8"/>
    <package name="apps.web.src.store">
      <metrics statements="23" coveredstatements="23" conditionals="10" coveredconditionals="9" methods="20" coveredmethods="20"/>
      <file name="useCartStore.ts" path="/Users/bryan/Documents/Projects/Bryan/shonen-mart/apps/web/src/store/useCartStore.ts">
        <metrics statements="23" coveredstatements="23" conditionals="10" coveredconditionals="9" methods="20" coveredmethods="20"/>
        <line num="43" count="1" type="stmt"/>
        <line num="45" count="1" type="stmt"/>
        <line num="50" count="36" type="stmt"/>
        <line num="51" count="36" type="stmt"/>
        <line num="53" count="36" type="cond" truecount="2" falsecount="0"/>
        <line num="55" count="6" type="stmt"/>
        <line num="56" count="6" type="stmt"/>
        <line num="58" count="6" type="cond" truecount="1" falsecount="1"/>
        <line num="65" count="30" type="cond" truecount="2" falsecount="0"/>
        <line num="67" count="29" type="stmt"/>
        <line num="85" count="6" type="stmt"/>
        <line num="86" count="8" type="stmt"/>
        <line num="91" count="7" type="cond" truecount="2" falsecount="0"/>
        <line num="92" count="2" type="stmt"/>
        <line num="93" count="2" type="stmt"/>
        <line num="96" count="5" type="stmt"/>
        <line num="98" count="6" type="cond" truecount="2" falsecount="0"/>
        <line num="103" count="2" type="stmt"/>
        <line num="104" count="5" type="stmt"/>
        <line num="105" count="1" type="stmt"/>
        <line num="106" count="3" type="stmt"/>
        <line num="109" count="3" type="stmt"/>
        <line num="113" count="6" type="stmt"/>
      </file>
    </package>
    <package name="packages.trpc.src">
      <metrics statements="122" coveredstatements="74" conditionals="78" coveredconditionals="39" methods="31" coveredmethods="13"/>
      <file name="router.ts" path="/Users/bryan/Documents/Projects/Bryan/shonen-mart/packages/trpc/src/router.ts">
        <metrics statements="108" coveredstatements="60" conditionals="72" coveredconditionals="33" methods="29" coveredmethods="11"/>
        <line num="10" count="3" type="stmt"/>
        <line num="16" count="0" type="stmt"/>
        <line num="23" count="0" type="stmt"/>
        <line num="26" count="0" type="stmt"/>
        <line num="27" count="0" type="cond" truecount="0" falsecount="2"/>
        <line num="30" count="0" type="cond" truecount="0" falsecount="2"/>
        <line num="31" count="0" type="stmt"/>
        <line num="32" count="0" type="cond" truecount="0" falsecount="2"/>
        <line num="35" count="0" type="stmt"/>
        <line num="43" count="0" type="stmt"/>
        <line num="52" count="0" type="stmt"/>
        <line num="59" count="1" type="stmt"/>
        <line num="87" count="0" type="cond" truecount="0" falsecount="2"/>
        <line num="89" count="0" type="stmt"/>
        <line num="90" count="0" type="cond" truecount="0" falsecount="2"/>
        <line num="91" count="0" type="stmt"/>
        <line num="92" count="0" type="cond" truecount="0" falsecount="2"/>
        <line num="93" count="0" type="stmt"/>
        <line num="94" count="0" type="cond" truecount="0" falsecount="2"/>
        <line num="95" count="0" type="stmt"/>
        <line num="97" count="0" type="stmt"/>
        <line num="100" count="0" type="stmt"/>
        <line num="127" count="0" type="stmt"/>
        <line num="140" count="0" type="stmt"/>
        <line num="152" count="0" type="stmt"/>
        <line num="156" count="0" type="stmt"/>
        <line num="169" count="0" type="stmt"/>
        <line num="179" count="0" type="cond" truecount="0" falsecount="2"/>
        <line num="181" count="0" type="stmt"/>
        <line num="199" count="0" type="cond" truecount="0" falsecount="4"/>
        <line num="200" count="0" type="stmt"/>
        <line num="201" count="0" type="stmt"/>
        <line num="202" count="0" type="stmt"/>
        <line num="203" count="0" type="stmt"/>
        <line num="207" count="0" type="stmt"/>
        <line num="218" count="0" type="stmt"/>
        <line num="219" count="0" type="stmt"/>
        <line num="238" count="0" type="stmt"/>
        <line num="242" count="0" type="stmt"/>
        <line num="257" count="0" type="stmt"/>
        <line num="281" count="0" type="stmt"/>
        <line num="282" count="0" type="stmt"/>
        <line num="313" count="4" type="stmt"/>
        <line num="316" count="4" type="stmt"/>
        <line num="321" count="4" type="stmt"/>
        <line num="328" count="4" type="cond" truecount="6" falsecount="0"/>
        <line num="329" count="3" type="stmt"/>
        <line num="333" count="3" type="cond" truecount="2" falsecount="0"/>
        <line num="334" count="2" type="stmt"/>
        <line num="341" count="2" type="stmt"/>
        <line num="343" count="3" type="stmt"/>
        <line num="352" count="3" type="stmt"/>
        <line num="358" count="2" type="stmt"/>
        <line num="359" count="3" type="cond" truecount="1" falsecount="1"/>
        <line num="360" count="0" type="stmt"/>
        <line num="370" count="4" type="stmt"/>
        <line num="376" count="0" type="stmt"/>
        <line num="383" count="1" type="stmt"/>
        <line num="395" count="2" type="stmt"/>
        <line num="402" count="2" type="cond" truecount="2" falsecount="0"/>
        <line num="403" count="1" type="stmt"/>
        <line num="404" count="1" type="stmt"/>
        <line num="405" count="2" type="stmt"/>
        <line num="413" count="2" type="cond" truecount="1" falsecount="1"/>
        <line num="414" count="2" type="stmt"/>
        <line num="416" count="2" type="cond" truecount="2" falsecount="0"/>
        <line num="417" count="1" type="stmt"/>
        <line num="418" count="1" type="cond" truecount="1" falsecount="1"/>
        <line num="419" count="0" type="stmt"/>
        <line num="420" count="1" type="cond" truecount="1" falsecount="1"/>
        <line num="421" count="1" type="stmt"/>
        <line num="425" count="2" type="stmt"/>
        <line num="445" count="8" type="stmt"/>
        <line num="447" count="8" type="stmt"/>
        <line num="448" count="8" type="stmt"/>
        <line num="449" count="8" type="stmt"/>
        <line num="450" count="8" type="stmt"/>
        <line num="452" count="8" type="stmt"/>
        <line num="453" count="9" type="stmt"/>
        <line num="457" count="9" type="cond" truecount="2" falsecount="0"/>
        <line num="458" count="1" type="stmt"/>
        <line num="464" count="8" type="cond" truecount="2" falsecount="0"/>
        <line num="465" count="1" type="stmt"/>
        <line num="472" count="7" type="stmt"/>
        <line num="479" count="7" type="cond" truecount="4" falsecount="0"/>
        <line num="483" count="9" type="stmt"/>
        <line num="484" count="9" type="stmt"/>
        <line num="486" count="9" type="stmt"/>
        <line num="492" count="9" type="stmt"/>
        <line num="504" count="6" type="stmt"/>
        <line num="505" count="6" type="stmt"/>
        <line num="506" count="6" type="stmt"/>
        <line num="513" count="6" type="stmt"/>
        <line num="525" count="6" type="stmt"/>
        <line num="529" count="6" type="stmt"/>
        <line num="532" count="6" type="stmt"/>
        <line num="541" count="6" type="stmt"/>
        <line num="552" count="6" type="stmt"/>
        <line num="557" count="6" type="cond" truecount="1" falsecount="1"/>
        <line num="559" count="6" type="stmt"/>
        <line num="560" count="6" type="stmt"/>
        <line num="563" count="6" type="stmt"/>
        <line num="569" count="2" type="stmt"/>
        <line num="583" count="0" type="stmt"/>
        <line num="596" count="0" type="stmt"/>
        <line num="603" count="0" type="stmt"/>
        <line num="611" count="0" type="stmt"/>
        <line num="615" count="0" type="cond" truecount="0" falsecount="2"/>
      </file>
      <file name="trpc.ts" path="/Users/bryan/Documents/Projects/Bryan/shonen-mart/packages/trpc/src/trpc.ts">
        <metrics statements="14" coveredstatements="14" conditionals="6" coveredconditionals="6" methods="2" coveredmethods="2"/>
        <line num="4" count="3" type="stmt"/>
        <line num="6" count="3" type="stmt"/>
        <line num="7" count="3" type="stmt"/>
        <line num="8" count="3" type="stmt"/>
        <line num="10" count="3" type="stmt"/>
        <line num="11" count="33" type="cond" truecount="2" falsecount="0"/>
        <line num="12" count="10" type="stmt"/>
        <line num="14" count="23" type="stmt"/>
        <line num="22" count="3" type="stmt"/>
        <line num="24" count="3" type="stmt"/>
        <line num="25" count="12" type="cond" truecount="4" falsecount="0"/>
        <line num="26" count="4" type="stmt"/>
        <line num="28" count="8" type="stmt"/>
        <line num="36" count="3" type="stmt"/>
      </file>
    </package>
    <package name="packages.trpc.src.__tests__.helpers">
      <metrics statements="12" coveredstatements="11" conditionals="4" coveredconditionals="4" methods="7" coveredmethods="6"/>
      <file name="createCaller.ts" path="/Users/bryan/Documents/Projects/Bryan/shonen-mart/packages/trpc/src/__tests__/helpers/createCaller.ts">
        <metrics statements="6" coveredstatements="6" conditionals="4" coveredconditionals="4" methods="4" coveredmethods="4"/>
        <line num="18" count="61" type="stmt"/>
        <line num="27" count="3" type="stmt"/>
        <line num="28" count="3" type="stmt"/>
        <line num="35" count="26" type="stmt"/>
        <line num="39" count="20" type="stmt"/>
        <line num="43" count="15" type="stmt"/>
      </file>
      <file name="mockPrisma.ts" path="/Users/bryan/Documents/Projects/Bryan/shonen-mart/packages/trpc/src/__tests__/helpers/mockPrisma.ts">
        <metrics statements="6" coveredstatements="5" conditionals="0" coveredconditionals="0" methods="3" coveredmethods="2"/>
        <line num="9" count="315" type="stmt"/>
        <line num="28" count="35" type="stmt"/>
        <line num="29" count="35" type="stmt"/>
        <line num="43" count="35" type="stmt"/>
        <line num="44" count="0" type="stmt"/>
        <line num="47" count="35" type="stmt"/>
      </file>
    </package>
    <package name="packages.trpc.src.routers">
      <metrics statements="52" coveredstatements="23" conditionals="24" coveredconditionals="6" methods="16" coveredmethods="10"/>
      <file name="address.ts" path="/Users/bryan/Documents/Projects/Bryan/shonen-mart/packages/trpc/src/routers/address.ts">
        <metrics statements="18" coveredstatements="1" conditionals="14" coveredconditionals="0" methods="4" coveredmethods="0"/>
        <line num="4" count="3" type="stmt"/>
        <line num="19" count="0" type="cond" truecount="0" falsecount="2"/>
        <line num="20" count="0" type="stmt"/>
        <line num="27" count="0" type="stmt"/>
        <line num="28" count="0" type="cond" truecount="0" falsecount="2"/>
        <line num="30" count="0" type="stmt"/>
        <line num="55" count="0" type="stmt"/>
        <line num="58" count="0" type="stmt"/>
        <line num="62" count="0" type="cond" truecount="0" falsecount="4"/>
        <line num="63" count="0" type="stmt"/>
        <line num="66" count="0" type="cond" truecount="0" falsecount="2"/>
        <line num="67" count="0" type="stmt"/>
        <line num="73" count="0" type="stmt"/>
        <line num="82" count="0" type="stmt"/>
        <line num="86" count="0" type="cond" truecount="0" falsecount="4"/>
        <line num="87" count="0" type="stmt"/>
        <line num="90" count="0" type="stmt"/>
        <line num="96" count="0" type="stmt"/>
      </file>
      <file name="stockAlert.ts" path="/Users/bryan/Documents/Projects/Bryan/shonen-mart/packages/trpc/src/routers/stockAlert.ts">
        <metrics statements="12" coveredstatements="6" conditionals="4" coveredconditionals="2" methods="5" coveredmethods="4"/>
        <line num="4" count="3" type="stmt"/>
        <line num="8" count="3" type="stmt"/>
        <line num="30" count="1" type="stmt"/>
        <line num="43" count="4" type="stmt"/>
        <line num="51" count="4" type="cond" truecount="2" falsecount="0"/>
        <line num="60" count="0" type="cond" truecount="0" falsecount="2"/>
        <line num="62" count="0" type="stmt"/>
        <line num="72" count="0" type="stmt"/>
        <line num="73" count="0" type="stmt"/>
        <line num="74" count="0" type="stmt"/>
        <line num="75" count="0" type="stmt"/>
        <line num="79" count="2" type="stmt"/>
      </file>
      <file name="wishlist.ts" path="/Users/bryan/Documents/Projects/Bryan/shonen-mart/packages/trpc/src/routers/wishlist.ts">
        <metrics statements="22" coveredstatements="16" conditionals="6" coveredconditionals="4" methods="7" coveredmethods="6"/>
        <line num="4" count="3" type="stmt"/>
        <line num="8" count="3" type="stmt"/>
        <line num="19" count="1" type="stmt"/>
        <line num="30" count="2" type="stmt"/>
        <line num="47" count="3" type="stmt"/>
        <line num="55" count="3" type="stmt"/>
        <line num="64" count="0" type="cond" truecount="0" falsecount="2"/>
        <line num="66" count="0" type="stmt"/>
        <line num="76" count="0" type="stmt"/>
        <line num="77" count="0" type="stmt"/>
        <line num="78" count="0" type="stmt"/>
        <line num="79" count="0" type="stmt"/>
        <line num="84" count="2" type="stmt"/>
        <line num="89" count="2" type="cond" truecount="2" falsecount="0"/>
        <line num="90" count="1" type="stmt"/>
        <line num="94" count="1" type="stmt"/>
        <line num="100" count="1" type="stmt"/>
        <line num="106" count="4" type="stmt"/>
        <line num="111" count="4" type="cond" truecount="2" falsecount="0"/>
        <line num="112" count="2" type="stmt"/>
        <line num="115" count="2" type="stmt"/>
        <line num="128" count="2" type="stmt"/>
      </file>
    </package>
  </project>
</coverage>
