{"/Users/bryan/Documents/Projects/Bryan/shonen-mart/apps/web/src/store/useCartStore.ts": {"path":"/Users/bryan/Documents/Projects/Bryan/shonen-mart/apps/web/src/store/useCartStore.ts","statementMap":{"0":{"start":{"line":43,"column":13},"end":{"line":120,"column":null}},"1":{"start":{"line":45,"column":19},"end":{"line":115,"column":null}},"2":{"start":{"line":50,"column":8},"end":{"line":81,"column":null}},"3":{"start":{"line":51,"column":31},"end":{"line":51,"column":null}},"4":{"start":{"line":51,"column":58},"end":{"line":51,"column":80}},"5":{"start":{"line":53,"column":10},"end":{"line":63,"column":null}},"6":{"start":{"line":55,"column":32},"end":{"line":55,"column":null}},"7":{"start":{"line":56,"column":12},"end":{"line":62,"column":null}},"8":{"start":{"line":58,"column":16},"end":{"line":60,"column":null}},"9":{"start":{"line":65,"column":10},"end":{"line":65,"column":null}},"10":{"start":{"line":65,"column":34},"end":{"line":65,"column":null}},"11":{"start":{"line":67,"column":10},"end":{"line":80,"column":null}},"12":{"start":{"line":85,"column":8},"end":{"line":87,"column":null}},"13":{"start":{"line":85,"column":24},"end":{"line":87,"column":10}},"14":{"start":{"line":86,"column":46},"end":{"line":86,"column":67}},"15":{"start":{"line":91,"column":8},"end":{"line":94,"column":null}},"16":{"start":{"line":92,"column":10},"end":{"line":92,"column":null}},"17":{"start":{"line":93,"column":10},"end":{"line":93,"column":null}},"18":{"start":{"line":96,"column":8},"end":{"line":100,"column":null}},"19":{"start":{"line":96,"column":24},"end":{"line":100,"column":10}},"20":{"start":{"line":98,"column":12},"end":{"line":98,"column":null}},"21":{"start":{"line":103,"column":24},"end":{"line":103,"column":null}},"22":{"start":{"line":103,"column":40},"end":{"line":103,"column":66}},"23":{"start":{"line":104,"column":22},"end":{"line":104,"column":null}},"24":{"start":{"line":105,"column":23},"end":{"line":105,"column":null}},"25":{"start":{"line":106,"column":23},"end":{"line":106,"column":null}},"26":{"start":{"line":109,"column":8},"end":{"line":109,"column":null}},"27":{"start":{"line":109,"column":51},"end":{"line":109,"column":74}},"28":{"start":{"line":113,"column":8},"end":{"line":113,"column":null}},"29":{"start":{"line":113,"column":51},"end":{"line":113,"column":89}}},"fnMap":{"0":{"name":"(anonymous_0)","decl":{"start":{"line":45,"column":4},"end":{"line":45,"column":5}},"loc":{"start":{"line":45,"column":19},"end":{"line":115,"column":null}},"line":45},"1":{"name":"(anonymous_1)","decl":{"start":{"line":49,"column":15},"end":{"line":49,"column":16}},"loc":{"start":{"line":49,"column":28},"end":{"line":82,"column":null}},"line":49},"2":{"name":"(anonymous_2)","decl":{"start":{"line":50,"column":12},"end":{"line":50,"column":13}},"loc":{"start":{"line":50,"column":23},"end":{"line":81,"column":9}},"line":50},"3":{"name":"(anonymous_3)","decl":{"start":{"line":51,"column":48},"end":{"line":51,"column":49}},"loc":{"start":{"line":51,"column":58},"end":{"line":51,"column":80}},"line":51},"4":{"name":"(anonymous_4)","decl":{"start":{"line":57,"column":37},"end":{"line":57,"column":38}},"loc":{"start":{"line":58,"column":16},"end":{"line":60,"column":null}},"line":58},"5":{"name":"(anonymous_5)","decl":{"start":{"line":84,"column":18},"end":{"line":84,"column":19}},"loc":{"start":{"line":84,"column":33},"end":{"line":88,"column":null}},"line":84},"6":{"name":"(anonymous_6)","decl":{"start":{"line":85,"column":12},"end":{"line":85,"column":13}},"loc":{"start":{"line":85,"column":24},"end":{"line":87,"column":10}},"line":85},"7":{"name":"(anonymous_7)","decl":{"start":{"line":86,"column":36},"end":{"line":86,"column":37}},"loc":{"start":{"line":86,"column":46},"end":{"line":86,"column":67}},"line":86},"8":{"name":"(anonymous_8)","decl":{"start":{"line":90,"column":22},"end":{"line":90,"column":23}},"loc":{"start":{"line":90,"column":47},"end":{"line":101,"column":null}},"line":90},"9":{"name":"(anonymous_9)","decl":{"start":{"line":96,"column":12},"end":{"line":96,"column":13}},"loc":{"start":{"line":96,"column":24},"end":{"line":100,"column":10}},"line":96},"10":{"name":"(anonymous_10)","decl":{"start":{"line":97,"column":33},"end":{"line":97,"column":34}},"loc":{"start":{"line":98,"column":12},"end":{"line":98,"column":null}},"line":98},"11":{"name":"(anonymous_11)","decl":{"start":{"line":103,"column":18},"end":{"line":103,"column":24}},"loc":{"start":{"line":103,"column":24},"end":{"line":103,"column":null}},"line":103},"12":{"name":"(anonymous_12)","decl":{"start":{"line":103,"column":28},"end":{"line":103,"column":29}},"loc":{"start":{"line":103,"column":40},"end":{"line":103,"column":66}},"line":103},"13":{"name":"(anonymous_13)","decl":{"start":{"line":104,"column":16},"end":{"line":104,"column":22}},"loc":{"start":{"line":104,"column":22},"end":{"line":104,"column":null}},"line":104},"14":{"name":"(anonymous_14)","decl":{"start":{"line":105,"column":17},"end":{"line":105,"column":23}},"loc":{"start":{"line":105,"column":23},"end":{"line":105,"column":null}},"line":105},"15":{"name":"(anonymous_15)","decl":{"start":{"line":106,"column":17},"end":{"line":106,"column":23}},"loc":{"start":{"line":106,"column":23},"end":{"line":106,"column":null}},"line":106},"16":{"name":"(anonymous_16)","decl":{"start":{"line":108,"column":21},"end":{"line":108,"column":27}},"loc":{"start":{"line":108,"column":27},"end":{"line":110,"column":null}},"line":108},"17":{"name":"(anonymous_17)","decl":{"start":{"line":109,"column":34},"end":{"line":109,"column":35}},"loc":{"start":{"line":109,"column":51},"end":{"line":109,"column":74}},"line":109},"18":{"name":"(anonymous_18)","decl":{"start":{"line":112,"column":19},"end":{"line":112,"column":25}},"loc":{"start":{"line":112,"column":25},"end":{"line":114,"column":null}},"line":112},"19":{"name":"(anonymous_19)","decl":{"start":{"line":113,"column":34},"end":{"line":113,"column":35}},"loc":{"start":{"line":113,"column":51},"end":{"line":113,"column":89}},"line":113}},"branchMap":{"0":{"loc":{"start":{"line":53,"column":10},"end":{"line":63,"column":null}},"type":"if","locations":[{"start":{"line":53,"column":10},"end":{"line":63,"column":null}},{"start":{},"end":{}}],"line":53},"1":{"loc":{"start":{"line":58,"column":16},"end":{"line":60,"column":null}},"type":"cond-expr","locations":[{"start":{"line":59,"column":20},"end":{"line":59,"column":null}},{"start":{"line":60,"column":20},"end":{"line":60,"column":null}}],"line":58},"2":{"loc":{"start":{"line":65,"column":10},"end":{"line":65,"column":null}},"type":"if","locations":[{"start":{"line":65,"column":10},"end":{"line":65,"column":null}},{"start":{},"end":{}}],"line":65},"3":{"loc":{"start":{"line":91,"column":8},"end":{"line":94,"column":null}},"type":"if","locations":[{"start":{"line":91,"column":8},"end":{"line":94,"column":null}},{"start":{},"end":{}}],"line":91},"4":{"loc":{"start":{"line":98,"column":12},"end":{"line":98,"column":null}},"type":"cond-expr","locations":[{"start":{"line":98,"column":36},"end":{"line":98,"column":92}},{"start":{"line":98,"column":92},"end":{"line":98,"column":null}}],"line":98}},"s":{"0":1,"1":1,"2":36,"3":36,"4":13,"5":36,"6":6,"7":6,"8":6,"9":30,"10":1,"11":29,"12":6,"13":6,"14":8,"15":7,"16":2,"17":2,"18":5,"19":5,"20":6,"21":2,"22":2,"23":5,"24":1,"25":3,"26":3,"27":3,"28":6,"29":5},"f":{"0":1,"1":36,"2":36,"3":13,"4":6,"5":6,"6":6,"7":8,"8":7,"9":5,"10":6,"11":2,"12":2,"13":5,"14":1,"15":3,"16":3,"17":3,"18":6,"19":5},"b":{"0":[6,30],"1":[6,0],"2":[1,29],"3":[2,5],"4":[5,1]},"meta":{"lastBranch":5,"lastFunction":20,"lastStatement":30,"seen":{"s:43:13:120:Infinity":0,"f:45:4:45:5":0,"s:45:19:115:Infinity":1,"f:49:15:49:16":1,"s:50:8:81:Infinity":2,"f:50:12:50:13":2,"s:51:31:51:Infinity":3,"f:51:48:51:49":3,"s:51:58:51:80":4,"b:53:10:63:Infinity:undefined:undefined:undefined:undefined":0,"s:53:10:63:Infinity":5,"s:55:32:55:Infinity":6,"s:56:12:62:Infinity":7,"f:57:37:57:38":4,"s:58:16:60:Infinity":8,"b:59:20:59:Infinity:60:20:60:Infinity":1,"b:65:10:65:Infinity:undefined:undefined:undefined:undefined":2,"s:65:10:65:Infinity":9,"s:65:34:65:Infinity":10,"s:67:10:80:Infinity":11,"f:84:18:84:19":5,"s:85:8:87:Infinity":12,"f:85:12:85:13":6,"s:85:24:87:10":13,"f:86:36:86:37":7,"s:86:46:86:67":14,"f:90:22:90:23":8,"b:91:8:94:Infinity:undefined:undefined:undefined:undefined":3,"s:91:8:94:Infinity":15,"s:92:10:92:Infinity":16,"s:93:10:93:Infinity":17,"s:96:8:100:Infinity":18,"f:96:12:96:13":9,"s:96:24:100:10":19,"f:97:33:97:34":10,"s:98:12:98:Infinity":20,"b:98:36:98:92:98:92:98:Infinity":4,"f:103:18:103:24":11,"s:103:24:103:Infinity":21,"f:103:28:103:29":12,"s:103:40:103:66":22,"f:104:16:104:22":13,"s:104:22:104:Infinity":23,"f:105:17:105:23":14,"s:105:23:105:Infinity":24,"f:106:17:106:23":15,"s:106:23:106:Infinity":25,"f:108:21:108:27":16,"s:109:8:109:Infinity":26,"f:109:34:109:35":17,"s:109:51:109:74":27,"f:112:19:112:25":18,"s:113:8:113:Infinity":28,"f:113:34:113:35":19,"s:113:51:113:89":29}}}
,"/Users/bryan/Documents/Projects/Bryan/shonen-mart/packages/trpc/src/router.ts": {"path":"/Users/bryan/Documents/Projects/Bryan/shonen-mart/packages/trpc/src/router.ts","statementMap":{"0":{"start":{"line":10,"column":13},"end":{"line":617,"column":null}},"1":{"start":{"line":16,"column":6},"end":{"line":18,"column":null}},"2":{"start":{"line":23,"column":25},"end":{"line":23,"column":null}},"3":{"start":{"line":26,"column":24},"end":{"line":26,"column":null}},"4":{"start":{"line":27,"column":7},"end":{"line":27,"column":null}},"5":{"start":{"line":27,"column":21},"end":{"line":27,"column":null}},"6":{"start":{"line":30,"column":7},"end":{"line":40,"column":null}},"7":{"start":{"line":31,"column":29},"end":{"line":31,"column":null}},"8":{"start":{"line":32,"column":9},"end":{"line":39,"column":null}},"9":{"start":{"line":35,"column":11},"end":{"line":38,"column":null}},"10":{"start":{"line":43,"column":7},"end":{"line":48,"column":null}},"11":{"start":{"line":52,"column":6},"end":{"line":54,"column":null}},"12":{"start":{"line":59,"column":4},"end":{"line":69,"column":null}},"13":{"start":{"line":87,"column":106},"end":{"line":87,"column":null}},"14":{"start":{"line":89,"column":26},"end":{"line":89,"column":null}},"15":{"start":{"line":90,"column":6},"end":{"line":98,"column":null}},"16":{"start":{"line":91,"column":8},"end":{"line":91,"column":null}},"17":{"start":{"line":92,"column":6},"end":{"line":98,"column":null}},"18":{"start":{"line":93,"column":8},"end":{"line":93,"column":null}},"19":{"start":{"line":94,"column":6},"end":{"line":98,"column":null}},"20":{"start":{"line":95,"column":8},"end":{"line":95,"column":null}},"21":{"start":{"line":97,"column":8},"end":{"line":97,"column":null}},"22":{"start":{"line":100,"column":6},"end":{"line":121,"column":null}},"23":{"start":{"line":127,"column":6},"end":{"line":133,"column":null}},"24":{"start":{"line":140,"column":6},"end":{"line":146,"column":null}},"25":{"start":{"line":152,"column":22},"end":{"line":154,"column":null}},"26":{"start":{"line":156,"column":6},"end":{"line":165,"column":null}},"27":{"start":{"line":169,"column":4},"end":{"line":169,"column":null}},"28":{"start":{"line":179,"column":40},"end":{"line":179,"column":null}},"29":{"start":{"line":181,"column":22},"end":{"line":196,"column":null}},"30":{"start":{"line":199,"column":6},"end":{"line":205,"column":null}},"31":{"start":{"line":200,"column":8},"end":{"line":204,"column":null}},"32":{"start":{"line":201,"column":25},"end":{"line":201,"column":null}},"33":{"start":{"line":202,"column":25},"end":{"line":202,"column":null}},"34":{"start":{"line":203,"column":10},"end":{"line":203,"column":null}},"35":{"start":{"line":207,"column":6},"end":{"line":207,"column":null}},"36":{"start":{"line":218,"column":19},"end":{"line":218,"column":null}},"37":{"start":{"line":219,"column":6},"end":{"line":224,"column":null}},"38":{"start":{"line":238,"column":27},"end":{"line":238,"column":null}},"39":{"start":{"line":242,"column":6},"end":{"line":245,"column":null}},"40":{"start":{"line":257,"column":6},"end":{"line":259,"column":null}},"41":{"start":{"line":281,"column":19},"end":{"line":281,"column":null}},"42":{"start":{"line":282,"column":6},"end":{"line":289,"column":null}},"43":{"start":{"line":313,"column":27},"end":{"line":313,"column":null}},"44":{"start":{"line":316,"column":29},"end":{"line":319,"column":null}},"45":{"start":{"line":321,"column":29},"end":{"line":325,"column":null}},"46":{"start":{"line":328,"column":6},"end":{"line":368,"column":null}},"47":{"start":{"line":329,"column":23},"end":{"line":331,"column":null}},"48":{"start":{"line":333,"column":8},"end":{"line":367,"column":null}},"49":{"start":{"line":334,"column":43},"end":{"line":334,"column":null}},"50":{"start":{"line":341,"column":10},"end":{"line":366,"column":null}},"51":{"start":{"line":343,"column":14},"end":{"line":351,"column":null}},"52":{"start":{"line":352,"column":14},"end":{"line":355,"column":null}},"53":{"start":{"line":358,"column":12},"end":{"line":365,"column":null}},"54":{"start":{"line":359,"column":14},"end":{"line":364,"column":null}},"55":{"start":{"line":360,"column":16},"end":{"line":363,"column":null}},"56":{"start":{"line":370,"column":6},"end":{"line":370,"column":null}},"57":{"start":{"line":376,"column":6},"end":{"line":378,"column":null}},"58":{"start":{"line":383,"column":6},"end":{"line":386,"column":null}},"59":{"start":{"line":395,"column":20},"end":{"line":399,"column":null}},"60":{"start":{"line":402,"column":6},"end":{"line":411,"column":null}},"61":{"start":{"line":403,"column":8},"end":{"line":410,"column":null}},"62":{"start":{"line":404,"column":10},"end":{"line":409,"column":null}},"63":{"start":{"line":405,"column":12},"end":{"line":408,"column":null}},"64":{"start":{"line":413,"column":6},"end":{"line":423,"column":null}},"65":{"start":{"line":414,"column":83},"end":{"line":414,"column":null}},"66":{"start":{"line":416,"column":10},"end":{"line":422,"column":null}},"67":{"start":{"line":417,"column":14},"end":{"line":417,"column":null}},"68":{"start":{"line":418,"column":10},"end":{"line":422,"column":null}},"69":{"start":{"line":419,"column":14},"end":{"line":419,"column":null}},"70":{"start":{"line":420,"column":10},"end":{"line":422,"column":null}},"71":{"start":{"line":421,"column":14},"end":{"line":421,"column":null}},"72":{"start":{"line":425,"column":6},"end":{"line":425,"column":null}},"73":{"start":{"line":445,"column":44},"end":{"line":445,"column":null}},"74":{"start":{"line":447,"column":20},"end":{"line":526,"column":null}},"75":{"start":{"line":448,"column":20},"end":{"line":448,"column":null}},"76":{"start":{"line":449,"column":31},"end":{"line":449,"column":null}},"77":{"start":{"line":450,"column":32},"end":{"line":450,"column":null}},"78":{"start":{"line":452,"column":8},"end":{"line":500,"column":null}},"79":{"start":{"line":453,"column":26},"end":{"line":455,"column":null}},"80":{"start":{"line":457,"column":10},"end":{"line":462,"column":null}},"81":{"start":{"line":458,"column":12},"end":{"line":461,"column":null}},"82":{"start":{"line":464,"column":10},"end":{"line":469,"column":null}},"83":{"start":{"line":465,"column":12},"end":{"line":468,"column":null}},"84":{"start":{"line":472,"column":10},"end":{"line":475,"column":null}},"85":{"start":{"line":479,"column":12},"end":{"line":481,"column":null}},"86":{"start":{"line":483,"column":28},"end":{"line":483,"column":null}},"87":{"start":{"line":484,"column":10},"end":{"line":484,"column":null}},"88":{"start":{"line":486,"column":10},"end":{"line":490,"column":null}},"89":{"start":{"line":492,"column":10},"end":{"line":499,"column":null}},"90":{"start":{"line":504,"column":29},"end":{"line":504,"column":null}},"91":{"start":{"line":505,"column":8},"end":{"line":505,"column":null}},"92":{"start":{"line":506,"column":8},"end":{"line":511,"column":null}},"93":{"start":{"line":513,"column":25},"end":{"line":523,"column":null}},"94":{"start":{"line":525,"column":8},"end":{"line":525,"column":null}},"95":{"start":{"line":529,"column":40},"end":{"line":529,"column":null}},"96":{"start":{"line":532,"column":22},"end":{"line":538,"column":null}},"97":{"start":{"line":541,"column":6},"end":{"line":544,"column":null}},"98":{"start":{"line":552,"column":24},"end":{"line":555,"column":null}},"99":{"start":{"line":557,"column":6},"end":{"line":561,"column":null}},"100":{"start":{"line":559,"column":44},"end":{"line":559,"column":null}},"101":{"start":{"line":560,"column":10},"end":{"line":560,"column":null}},"102":{"start":{"line":563,"column":6},"end":{"line":563,"column":null}},"103":{"start":{"line":569,"column":6},"end":{"line":578,"column":null}},"104":{"start":{"line":583,"column":6},"end":{"line":590,"column":null}},"105":{"start":{"line":596,"column":65},"end":{"line":601,"column":null}},"106":{"start":{"line":603,"column":6},"end":{"line":603,"column":null}},"107":{"start":{"line":611,"column":21},"end":{"line":613,"column":null}},"108":{"start":{"line":615,"column":6},"end":{"line":615,"column":null}}},"fnMap":{"0":{"name":"(anonymous_0)","decl":{"start":{"line":15,"column":33},"end":{"line":15,"column":40}},"loc":{"start":{"line":15,"column":52},"end":{"line":19,"column":5}},"line":15},"1":{"name":"(anonymous_1)","decl":{"start":{"line":22,"column":16},"end":{"line":22,"column":23}},"loc":{"start":{"line":22,"column":42},"end":{"line":49,"column":5}},"line":22},"2":{"name":"(anonymous_2)","decl":{"start":{"line":51,"column":35},"end":{"line":51,"column":42}},"loc":{"start":{"line":51,"column":54},"end":{"line":55,"column":5}},"line":51},"3":{"name":"(anonymous_3)","decl":{"start":{"line":58,"column":37},"end":{"line":58,"column":44}},"loc":{"start":{"line":58,"column":56},"end":{"line":70,"column":3}},"line":58},"4":{"name":"(anonymous_4)","decl":{"start":{"line":86,"column":11},"end":{"line":86,"column":18}},"loc":{"start":{"line":86,"column":32},"end":{"line":122,"column":5}},"line":86},"5":{"name":"(anonymous_5)","decl":{"start":{"line":126,"column":11},"end":{"line":126,"column":18}},"loc":{"start":{"line":126,"column":32},"end":{"line":134,"column":5}},"line":126},"6":{"name":"(anonymous_6)","decl":{"start":{"line":138,"column":11},"end":{"line":138,"column":18}},"loc":{"start":{"line":138,"column":32},"end":{"line":147,"column":5}},"line":138},"7":{"name":"(anonymous_7)","decl":{"start":{"line":151,"column":11},"end":{"line":151,"column":18}},"loc":{"start":{"line":151,"column":32},"end":{"line":166,"column":5}},"line":151},"8":{"name":"(anonymous_8)","decl":{"start":{"line":168,"column":39},"end":{"line":168,"column":51}},"loc":{"start":{"line":168,"column":51},"end":{"line":170,"column":3}},"line":168},"9":{"name":"(anonymous_9)","decl":{"start":{"line":178,"column":11},"end":{"line":178,"column":18}},"loc":{"start":{"line":178,"column":32},"end":{"line":208,"column":5}},"line":178},"10":{"name":"(anonymous_10)","decl":{"start":{"line":200,"column":28},"end":{"line":200,"column":29}},"loc":{"start":{"line":200,"column":38},"end":{"line":204,"column":9}},"line":200},"11":{"name":"(anonymous_11)","decl":{"start":{"line":217,"column":14},"end":{"line":217,"column":21}},"loc":{"start":{"line":217,"column":35},"end":{"line":225,"column":5}},"line":217},"12":{"name":"(anonymous_12)","decl":{"start":{"line":237,"column":14},"end":{"line":237,"column":21}},"loc":{"start":{"line":237,"column":35},"end":{"line":246,"column":5}},"line":237},"13":{"name":"(anonymous_13)","decl":{"start":{"line":250,"column":14},"end":{"line":250,"column":21}},"loc":{"start":{"line":250,"column":35},"end":{"line":260,"column":5}},"line":250},"14":{"name":"(anonymous_14)","decl":{"start":{"line":280,"column":14},"end":{"line":280,"column":21}},"loc":{"start":{"line":280,"column":35},"end":{"line":290,"column":5}},"line":280},"15":{"name":"(anonymous_15)","decl":{"start":{"line":312,"column":14},"end":{"line":312,"column":21}},"loc":{"start":{"line":312,"column":35},"end":{"line":371,"column":5}},"line":312},"16":{"name":"(anonymous_16)","decl":{"start":{"line":342,"column":23},"end":{"line":342,"column":30}},"loc":{"start":{"line":342,"column":40},"end":{"line":356,"column":13}},"line":342},"17":{"name":"(anonymous_17)","decl":{"start":{"line":357,"column":17},"end":{"line":357,"column":18}},"loc":{"start":{"line":357,"column":30},"end":{"line":366,"column":11}},"line":357},"18":{"name":"(anonymous_18)","decl":{"start":{"line":358,"column":28},"end":{"line":358,"column":29}},"loc":{"start":{"line":358,"column":43},"end":{"line":365,"column":13}},"line":358},"19":{"name":"(anonymous_19)","decl":{"start":{"line":375,"column":14},"end":{"line":375,"column":21}},"loc":{"start":{"line":375,"column":35},"end":{"line":379,"column":5}},"line":375},"20":{"name":"(anonymous_20)","decl":{"start":{"line":382,"column":11},"end":{"line":382,"column":23}},"loc":{"start":{"line":382,"column":23},"end":{"line":387,"column":5}},"line":382},"21":{"name":"(anonymous_21)","decl":{"start":{"line":394,"column":14},"end":{"line":394,"column":21}},"loc":{"start":{"line":394,"column":35},"end":{"line":426,"column":5}},"line":394},"22":{"name":"(anonymous_22)","decl":{"start":{"line":403,"column":34},"end":{"line":403,"column":41}},"loc":{"start":{"line":403,"column":48},"end":{"line":410,"column":9}},"line":403},"23":{"name":"(anonymous_23)","decl":{"start":{"line":444,"column":14},"end":{"line":444,"column":21}},"loc":{"start":{"line":444,"column":40},"end":{"line":564,"column":5}},"line":444},"24":{"name":"(anonymous_24)","decl":{"start":{"line":447,"column":46},"end":{"line":447,"column":53}},"loc":{"start":{"line":447,"column":60},"end":{"line":526,"column":7}},"line":447},"25":{"name":"(anonymous_25)","decl":{"start":{"line":568,"column":11},"end":{"line":568,"column":18}},"loc":{"start":{"line":568,"column":32},"end":{"line":579,"column":5}},"line":568},"26":{"name":"(anonymous_26)","decl":{"start":{"line":582,"column":11},"end":{"line":582,"column":23}},"loc":{"start":{"line":582,"column":23},"end":{"line":591,"column":5}},"line":582},"27":{"name":"(anonymous_27)","decl":{"start":{"line":595,"column":11},"end":{"line":595,"column":23}},"loc":{"start":{"line":595,"column":23},"end":{"line":604,"column":5}},"line":595},"28":{"name":"(anonymous_28)","decl":{"start":{"line":610,"column":11},"end":{"line":610,"column":23}},"loc":{"start":{"line":610,"column":23},"end":{"line":616,"column":5}},"line":610}},"branchMap":{"0":{"loc":{"start":{"line":27,"column":7},"end":{"line":27,"column":null}},"type":"if","locations":[{"start":{"line":27,"column":7},"end":{"line":27,"column":null}},{"start":{},"end":{}}],"line":27},"1":{"loc":{"start":{"line":30,"column":7},"end":{"line":40,"column":null}},"type":"if","locations":[{"start":{"line":30,"column":7},"end":{"line":40,"column":null}},{"start":{},"end":{}}],"line":30},"2":{"loc":{"start":{"line":32,"column":9},"end":{"line":39,"column":null}},"type":"if","locations":[{"start":{"line":32,"column":9},"end":{"line":39,"column":null}},{"start":{},"end":{}}],"line":32},"3":{"loc":{"start":{"line":46,"column":19},"end":{"line":46,"column":null}},"type":"binary-expr","locations":[{"start":{"line":46,"column":19},"end":{"line":46,"column":28}},{"start":{"line":46,"column":28},"end":{"line":46,"column":null}}],"line":46},"4":{"loc":{"start":{"line":87,"column":106},"end":{"line":87,"column":null}},"type":"binary-expr","locations":[{"start":{"line":87,"column":106},"end":{"line":87,"column":115}},{"start":{"line":87,"column":115},"end":{"line":87,"column":null}}],"line":87},"5":{"loc":{"start":{"line":90,"column":6},"end":{"line":98,"column":null}},"type":"if","locations":[{"start":{"line":90,"column":6},"end":{"line":98,"column":null}},{"start":{"line":92,"column":6},"end":{"line":98,"column":null}}],"line":90},"6":{"loc":{"start":{"line":92,"column":6},"end":{"line":98,"column":null}},"type":"if","locations":[{"start":{"line":92,"column":6},"end":{"line":98,"column":null}},{"start":{"line":94,"column":6},"end":{"line":98,"column":null}}],"line":92},"7":{"loc":{"start":{"line":94,"column":6},"end":{"line":98,"column":null}},"type":"if","locations":[{"start":{"line":94,"column":6},"end":{"line":98,"column":null}},{"start":{"line":96,"column":13},"end":{"line":98,"column":null}}],"line":94},"8":{"loc":{"start":{"line":103,"column":14},"end":{"line":103,"column":null}},"type":"cond-expr","locations":[{"start":{"line":103,"column":29},"end":{"line":103,"column":68}},{"start":{"line":103,"column":68},"end":{"line":103,"column":null}}],"line":103},"9":{"loc":{"start":{"line":108,"column":14},"end":{"line":113,"column":null}},"type":"cond-expr","locations":[{"start":{"line":108,"column":23},"end":{"line":113,"column":14}},{"start":{"line":113,"column":14},"end":{"line":113,"column":null}}],"line":108},"10":{"loc":{"start":{"line":179,"column":40},"end":{"line":179,"column":null}},"type":"binary-expr","locations":[{"start":{"line":179,"column":40},"end":{"line":179,"column":49}},{"start":{"line":179,"column":49},"end":{"line":179,"column":null}}],"line":179},"11":{"loc":{"start":{"line":185,"column":14},"end":{"line":185,"column":null}},"type":"cond-expr","locations":[{"start":{"line":185,"column":22},"end":{"line":185,"column":48}},{"start":{"line":185,"column":48},"end":{"line":185,"column":null}}],"line":185},"12":{"loc":{"start":{"line":189,"column":18},"end":{"line":189,"column":null}},"type":"cond-expr","locations":[{"start":{"line":189,"column":25},"end":{"line":189,"column":37}},{"start":{"line":189,"column":37},"end":{"line":189,"column":null}}],"line":189},"13":{"loc":{"start":{"line":199,"column":6},"end":{"line":205,"column":null}},"type":"if","locations":[{"start":{"line":199,"column":6},"end":{"line":205,"column":null}},{"start":{},"end":{}}],"line":199},"14":{"loc":{"start":{"line":199,"column":10},"end":{"line":199,"column":37}},"type":"binary-expr","locations":[{"start":{"line":199,"column":10},"end":{"line":199,"column":19}},{"start":{"line":199,"column":19},"end":{"line":199,"column":37}}],"line":199},"15":{"loc":{"start":{"line":328,"column":6},"end":{"line":368,"column":null}},"type":"if","locations":[{"start":{"line":328,"column":6},"end":{"line":368,"column":null}},{"start":{},"end":{}}],"line":328},"16":{"loc":{"start":{"line":328,"column":10},"end":{"line":328,"column":88}},"type":"binary-expr","locations":[{"start":{"line":328,"column":10},"end":{"line":328,"column":28}},{"start":{"line":328,"column":28},"end":{"line":328,"column":58}},{"start":{"line":328,"column":58},"end":{"line":328,"column":72}},{"start":{"line":328,"column":72},"end":{"line":328,"column":88}}],"line":328},"17":{"loc":{"start":{"line":333,"column":8},"end":{"line":367,"column":null}},"type":"if","locations":[{"start":{"line":333,"column":8},"end":{"line":367,"column":null}},{"start":{},"end":{}}],"line":333},"18":{"loc":{"start":{"line":359,"column":14},"end":{"line":364,"column":null}},"type":"if","locations":[{"start":{"line":359,"column":14},"end":{"line":364,"column":null}},{"start":{},"end":{}}],"line":359},"19":{"loc":{"start":{"line":402,"column":6},"end":{"line":411,"column":null}},"type":"if","locations":[{"start":{"line":402,"column":6},"end":{"line":411,"column":null}},{"start":{},"end":{}}],"line":402},"20":{"loc":{"start":{"line":413,"column":6},"end":{"line":423,"column":null}},"type":"if","locations":[{"start":{"line":413,"column":6},"end":{"line":423,"column":null}},{"start":{},"end":{}}],"line":413},"21":{"loc":{"start":{"line":416,"column":10},"end":{"line":422,"column":null}},"type":"if","locations":[{"start":{"line":416,"column":10},"end":{"line":422,"column":null}},{"start":{"line":418,"column":10},"end":{"line":422,"column":null}}],"line":416},"22":{"loc":{"start":{"line":418,"column":10},"end":{"line":422,"column":null}},"type":"if","locations":[{"start":{"line":418,"column":10},"end":{"line":422,"column":null}},{"start":{"line":420,"column":10},"end":{"line":422,"column":null}}],"line":418},"23":{"loc":{"start":{"line":420,"column":10},"end":{"line":422,"column":null}},"type":"if","locations":[{"start":{"line":420,"column":10},"end":{"line":422,"column":null}},{"start":{},"end":{}}],"line":420},"24":{"loc":{"start":{"line":457,"column":10},"end":{"line":462,"column":null}},"type":"if","locations":[{"start":{"line":457,"column":10},"end":{"line":462,"column":null}},{"start":{},"end":{}}],"line":457},"25":{"loc":{"start":{"line":464,"column":10},"end":{"line":469,"column":null}},"type":"if","locations":[{"start":{"line":464,"column":10},"end":{"line":469,"column":null}},{"start":{},"end":{}}],"line":464},"26":{"loc":{"start":{"line":479,"column":12},"end":{"line":481,"column":null}},"type":"cond-expr","locations":[{"start":{"line":480,"column":16},"end":{"line":480,"column":null}},{"start":{"line":481,"column":16},"end":{"line":481,"column":null}}],"line":479},"27":{"loc":{"start":{"line":479,"column":12},"end":{"line":479,"column":null}},"type":"binary-expr","locations":[{"start":{"line":479,"column":12},"end":{"line":479,"column":30}},{"start":{"line":479,"column":30},"end":{"line":479,"column":null}}],"line":479},"28":{"loc":{"start":{"line":494,"column":26},"end":{"line":494,"column":null}},"type":"binary-expr","locations":[{"start":{"line":494,"column":26},"end":{"line":494,"column":49}},{"start":{"line":494,"column":49},"end":{"line":494,"column":null}}],"line":494},"29":{"loc":{"start":{"line":495,"column":21},"end":{"line":495,"column":null}},"type":"cond-expr","locations":[{"start":{"line":495,"column":40},"end":{"line":495,"column":61}},{"start":{"line":495,"column":61},"end":{"line":495,"column":null}}],"line":495},"30":{"loc":{"start":{"line":521,"column":20},"end":{"line":521,"column":null}},"type":"binary-expr","locations":[{"start":{"line":521,"column":20},"end":{"line":521,"column":34}},{"start":{"line":521,"column":34},"end":{"line":521,"column":null}}],"line":521},"31":{"loc":{"start":{"line":536,"column":25},"end":{"line":536,"column":76}},"type":"binary-expr","locations":[{"start":{"line":536,"column":25},"end":{"line":536,"column":53}},{"start":{"line":536,"column":53},"end":{"line":536,"column":76}}],"line":536},"32":{"loc":{"start":{"line":537,"column":24},"end":{"line":537,"column":75}},"type":"binary-expr","locations":[{"start":{"line":537,"column":24},"end":{"line":537,"column":52}},{"start":{"line":537,"column":52},"end":{"line":537,"column":75}}],"line":537},"33":{"loc":{"start":{"line":557,"column":6},"end":{"line":561,"column":null}},"type":"if","locations":[{"start":{"line":557,"column":6},"end":{"line":561,"column":null}},{"start":{},"end":{}}],"line":557},"34":{"loc":{"start":{"line":615,"column":36},"end":{"line":615,"column":58}},"type":"binary-expr","locations":[{"start":{"line":615,"column":36},"end":{"line":615,"column":57}},{"start":{"line":615,"column":57},"end":{"line":615,"column":58}}],"line":615}},"s":{"0":3,"1":0,"2":0,"3":0,"4":0,"5":0,"6":0,"7":0,"8":0,"9":0,"10":0,"11":0,"12":1,"13":0,"14":0,"15":0,"16":0,"17":0,"18":0,"19":0,"20":0,"21":0,"22":0,"23":0,"24":0,"25":0,"26":0,"27":0,"28":0,"29":0,"30":0,"31":0,"32":0,"33":0,"34":0,"35":0,"36":0,"37":0,"38":0,"39":0,"40":0,"41":0,"42":0,"43":4,"44":4,"45":4,"46":4,"47":3,"48":3,"49":2,"50":2,"51":3,"52":3,"53":2,"54":3,"55":0,"56":4,"57":0,"58":1,"59":2,"60":2,"61":1,"62":1,"63":2,"64":2,"65":2,"66":2,"67":1,"68":1,"69":0,"70":1,"71":1,"72":2,"73":8,"74":8,"75":8,"76":8,"77":8,"78":8,"79":9,"80":9,"81":1,"82":8,"83":1,"84":7,"85":7,"86":9,"87":9,"88":9,"89":9,"90":6,"91":6,"92":6,"93":6,"94":6,"95":6,"96":6,"97":6,"98":6,"99":6,"100":6,"101":6,"102":6,"103":2,"104":0,"105":0,"106":0,"107":0,"108":0},"f":{"0":0,"1":0,"2":0,"3":1,"4":0,"5":0,"6":0,"7":0,"8":0,"9":0,"10":0,"11":0,"12":0,"13":0,"14":0,"15":4,"16":3,"17":2,"18":3,"19":0,"20":1,"21":2,"22":1,"23":8,"24":8,"25":2,"26":0,"27":0,"28":0},"b":{"0":[0,0],"1":[0,0],"2":[0,0],"3":[0,0],"4":[0,0],"5":[0,0],"6":[0,0],"7":[0,0],"8":[0,0],"9":[0,0],"10":[0,0],"11":[0,0],"12":[0,0],"13":[0,0],"14":[0,0],"15":[3,1],"16":[4,4,3,3],"17":[2,1],"18":[0,3],"19":[1,1],"20":[2,0],"21":[1,1],"22":[0,1],"23":[1,0],"24":[1,8],"25":[1,7],"26":[1,6],"27":[7,1],"28":[9,0],"29":[7,0],"30":[6,5],"31":[6,6],"32":[8,6],"33":[6,0],"34":[0,0]},"meta":{"lastBranch":35,"lastFunction":29,"lastStatement":109,"seen":{"s:10:13:617:Infinity":0,"f:15:33:15:40":0,"s:16:6:18:Infinity":1,"f:22:16:22:23":1,"s:23:25:23:Infinity":2,"s:26:24:26:Infinity":3,"b:27:7:27:Infinity:undefined:undefined:undefined:undefined":0,"s:27:7:27:Infinity":4,"s:27:21:27:Infinity":5,"b:30:7:40:Infinity:undefined:undefined:undefined:undefined":1,"s:30:7:40:Infinity":6,"s:31:29:31:Infinity":7,"b:32:9:39:Infinity:undefined:undefined:undefined:undefined":2,"s:32:9:39:Infinity":8,"s:35:11:38:Infinity":9,"s:43:7:48:Infinity":10,"b:46:19:46:28:46:28:46:Infinity":3,"f:51:35:51:42":2,"s:52:6:54:Infinity":11,"f:58:37:58:44":3,"s:59:4:69:Infinity":12,"f:86:11:86:18":4,"s:87:106:87:Infinity":13,"b:87:106:87:115:87:115:87:Infinity":4,"s:89:26:89:Infinity":14,"b:90:6:98:Infinity:92:6:98:Infinity":5,"s:90:6:98:Infinity":15,"s:91:8:91:Infinity":16,"b:92:6:98:Infinity:94:6:98:Infinity":6,"s:92:6:98:Infinity":17,"s:93:8:93:Infinity":18,"b:94:6:98:Infinity:96:13:98:Infinity":7,"s:94:6:98:Infinity":19,"s:95:8:95:Infinity":20,"s:97:8:97:Infinity":21,"s:100:6:121:Infinity":22,"b:103:29:103:68:103:68:103:Infinity":8,"b:108:23:113:14:113:14:113:Infinity":9,"f:126:11:126:18":5,"s:127:6:133:Infinity":23,"f:138:11:138:18":6,"s:140:6:146:Infinity":24,"f:151:11:151:18":7,"s:152:22:154:Infinity":25,"s:156:6:165:Infinity":26,"f:168:39:168:51":8,"s:169:4:169:Infinity":27,"f:178:11:178:18":9,"s:179:40:179:Infinity":28,"b:179:40:179:49:179:49:179:Infinity":10,"s:181:22:196:Infinity":29,"b:185:22:185:48:185:48:185:Infinity":11,"b:189:25:189:37:189:37:189:Infinity":12,"b:199:6:205:Infinity:undefined:undefined:undefined:undefined":13,"s:199:6:205:Infinity":30,"b:199:10:199:19:199:19:199:37":14,"s:200:8:204:Infinity":31,"f:200:28:200:29":10,"s:201:25:201:Infinity":32,"s:202:25:202:Infinity":33,"s:203:10:203:Infinity":34,"s:207:6:207:Infinity":35,"f:217:14:217:21":11,"s:218:19:218:Infinity":36,"s:219:6:224:Infinity":37,"f:237:14:237:21":12,"s:238:27:238:Infinity":38,"s:242:6:245:Infinity":39,"f:250:14:250:21":13,"s:257:6:259:Infinity":40,"f:280:14:280:21":14,"s:281:19:281:Infinity":41,"s:282:6:289:Infinity":42,"f:312:14:312:21":15,"s:313:27:313:Infinity":43,"s:316:29:319:Infinity":44,"s:321:29:325:Infinity":45,"b:328:6:368:Infinity:undefined:undefined:undefined:undefined":15,"s:328:6:368:Infinity":46,"b:328:10:328:28:328:28:328:58:328:58:328:72:328:72:328:88":16,"s:329:23:331:Infinity":47,"b:333:8:367:Infinity:undefined:undefined:undefined:undefined":17,"s:333:8:367:Infinity":48,"s:334:43:334:Infinity":49,"s:341:10:366:Infinity":50,"f:342:23:342:30":16,"s:343:14:351:Infinity":51,"s:352:14:355:Infinity":52,"f:357:17:357:18":17,"s:358:12:365:Infinity":53,"f:358:28:358:29":18,"b:359:14:364:Infinity:undefined:undefined:undefined:undefined":18,"s:359:14:364:Infinity":54,"s:360:16:363:Infinity":55,"s:370:6:370:Infinity":56,"f:375:14:375:21":19,"s:376:6:378:Infinity":57,"f:382:11:382:23":20,"s:383:6:386:Infinity":58,"f:394:14:394:21":21,"s:395:20:399:Infinity":59,"b:402:6:411:Infinity:undefined:undefined:undefined:undefined":19,"s:402:6:411:Infinity":60,"s:403:8:410:Infinity":61,"f:403:34:403:41":22,"s:404:10:409:Infinity":62,"s:405:12:408:Infinity":63,"b:413:6:423:Infinity:undefined:undefined:undefined:undefined":20,"s:413:6:423:Infinity":64,"s:414:83:414:Infinity":65,"b:416:10:422:Infinity:418:10:422:Infinity":21,"s:416:10:422:Infinity":66,"s:417:14:417:Infinity":67,"b:418:10:422:Infinity:420:10:422:Infinity":22,"s:418:10:422:Infinity":68,"s:419:14:419:Infinity":69,"b:420:10:422:Infinity:undefined:undefined:undefined:undefined":23,"s:420:10:422:Infinity":70,"s:421:14:421:Infinity":71,"s:425:6:425:Infinity":72,"f:444:14:444:21":23,"s:445:44:445:Infinity":73,"s:447:20:526:Infinity":74,"f:447:46:447:53":24,"s:448:20:448:Infinity":75,"s:449:31:449:Infinity":76,"s:450:32:450:Infinity":77,"s:452:8:500:Infinity":78,"s:453:26:455:Infinity":79,"b:457:10:462:Infinity:undefined:undefined:undefined:undefined":24,"s:457:10:462:Infinity":80,"s:458:12:461:Infinity":81,"b:464:10:469:Infinity:undefined:undefined:undefined:undefined":25,"s:464:10:469:Infinity":82,"s:465:12:468:Infinity":83,"s:472:10:475:Infinity":84,"s:479:12:481:Infinity":85,"b:480:16:480:Infinity:481:16:481:Infinity":26,"b:479:12:479:30:479:30:479:Infinity":27,"s:483:28:483:Infinity":86,"s:484:10:484:Infinity":87,"s:486:10:490:Infinity":88,"s:492:10:499:Infinity":89,"b:494:26:494:49:494:49:494:Infinity":28,"b:495:40:495:61:495:61:495:Infinity":29,"s:504:29:504:Infinity":90,"s:505:8:505:Infinity":91,"s:506:8:511:Infinity":92,"s:513:25:523:Infinity":93,"b:521:20:521:34:521:34:521:Infinity":30,"s:525:8:525:Infinity":94,"s:529:40:529:Infinity":95,"s:532:22:538:Infinity":96,"b:536:25:536:53:536:53:536:76":31,"b:537:24:537:52:537:52:537:75":32,"s:541:6:544:Infinity":97,"s:552:24:555:Infinity":98,"b:557:6:561:Infinity:undefined:undefined:undefined:undefined":33,"s:557:6:561:Infinity":99,"s:559:44:559:Infinity":100,"s:560:10:560:Infinity":101,"s:563:6:563:Infinity":102,"f:568:11:568:18":25,"s:569:6:578:Infinity":103,"f:582:11:582:23":26,"s:583:6:590:Infinity":104,"f:595:11:595:23":27,"s:596:65:601:Infinity":105,"s:603:6:603:Infinity":106,"f:610:11:610:23":28,"s:611:21:613:Infinity":107,"s:615:6:615:Infinity":108,"b:615:36:615:57:615:57:615:58":34}}}
,"/Users/bryan/Documents/Projects/Bryan/shonen-mart/packages/trpc/src/trpc.ts": {"path":"/Users/bryan/Documents/Projects/Bryan/shonen-mart/packages/trpc/src/trpc.ts","statementMap":{"0":{"start":{"line":4,"column":10},"end":{"line":4,"column":null}},"1":{"start":{"line":6,"column":22},"end":{"line":6,"column":null}},"2":{"start":{"line":7,"column":26},"end":{"line":7,"column":null}},"3":{"start":{"line":8,"column":31},"end":{"line":8,"column":null}},"4":{"start":{"line":10,"column":17},"end":{"line":20,"column":null}},"5":{"start":{"line":11,"column":2},"end":{"line":13,"column":null}},"6":{"start":{"line":12,"column":4},"end":{"line":12,"column":null}},"7":{"start":{"line":14,"column":2},"end":{"line":19,"column":null}},"8":{"start":{"line":22,"column":34},"end":{"line":22,"column":null}},"9":{"start":{"line":24,"column":16},"end":{"line":34,"column":null}},"10":{"start":{"line":25,"column":2},"end":{"line":27,"column":null}},"11":{"start":{"line":26,"column":4},"end":{"line":26,"column":null}},"12":{"start":{"line":28,"column":2},"end":{"line":33,"column":null}},"13":{"start":{"line":36,"column":30},"end":{"line":36,"column":null}}},"fnMap":{"0":{"name":"(anonymous_0)","decl":{"start":{"line":10,"column":30},"end":{"line":10,"column":31}},"loc":{"start":{"line":10,"column":49},"end":{"line":20,"column":1}},"line":10},"1":{"name":"(anonymous_1)","decl":{"start":{"line":24,"column":29},"end":{"line":24,"column":30}},"loc":{"start":{"line":24,"column":48},"end":{"line":34,"column":1}},"line":24}},"branchMap":{"0":{"loc":{"start":{"line":11,"column":2},"end":{"line":13,"column":null}},"type":"if","locations":[{"start":{"line":11,"column":2},"end":{"line":13,"column":null}},{"start":{},"end":{}}],"line":11},"1":{"loc":{"start":{"line":25,"column":2},"end":{"line":27,"column":null}},"type":"if","locations":[{"start":{"line":25,"column":2},"end":{"line":27,"column":null}},{"start":{},"end":{}}],"line":25},"2":{"loc":{"start":{"line":25,"column":6},"end":{"line":25,"column":43}},"type":"binary-expr","locations":[{"start":{"line":25,"column":6},"end":{"line":25,"column":21}},{"start":{"line":25,"column":21},"end":{"line":25,"column":43}}],"line":25}},"s":{"0":3,"1":3,"2":3,"3":3,"4":3,"5":33,"6":10,"7":23,"8":3,"9":3,"10":12,"11":4,"12":8,"13":3},"f":{"0":33,"1":12},"b":{"0":[10,23],"1":[4,8],"2":[12,11]},"meta":{"lastBranch":3,"lastFunction":2,"lastStatement":14,"seen":{"s:4:10:4:Infinity":0,"s:6:22:6:Infinity":1,"s:7:26:7:Infinity":2,"s:8:31:8:Infinity":3,"s:10:17:20:Infinity":4,"f:10:30:10:31":0,"b:11:2:13:Infinity:undefined:undefined:undefined:undefined":0,"s:11:2:13:Infinity":5,"s:12:4:12:Infinity":6,"s:14:2:19:Infinity":7,"s:22:34:22:Infinity":8,"s:24:16:34:Infinity":9,"f:24:29:24:30":1,"b:25:2:27:Infinity:undefined:undefined:undefined:undefined":1,"s:25:2:27:Infinity":10,"b:25:6:25:21:25:21:25:43":2,"s:26:4:26:Infinity":11,"s:28:2:33:Infinity":12,"s:36:30:36:Infinity":13}}}
,"/Users/bryan/Documents/Projects/Bryan/shonen-mart/packages/trpc/src/__tests__/helpers/createCaller.ts": {"path":"/Users/bryan/Documents/Projects/Bryan/shonen-mart/packages/trpc/src/__tests__/helpers/createCaller.ts","statementMap":{"0":{"start":{"line":18,"column":2},"end":{"line":22,"column":null}},"1":{"start":{"line":27,"column":6},"end":{"line":27,"column":null}},"2":{"start":{"line":28,"column":6},"end":{"line":28,"column":null}},"3":{"start":{"line":35,"column":2},"end":{"line":35,"column":null}},"4":{"start":{"line":39,"column":2},"end":{"line":39,"column":null}},"5":{"start":{"line":43,"column":2},"end":{"line":43,"column":null}}},"fnMap":{"0":{"name":"buildContext","decl":{"start":{"line":17,"column":16},"end":{"line":17,"column":29}},"loc":{"start":{"line":17,"column":51},"end":{"line":23,"column":null}},"line":17},"1":{"name":"createMainCaller","decl":{"start":{"line":34,"column":16},"end":{"line":34,"column":33}},"loc":{"start":{"line":34,"column":55},"end":{"line":36,"column":null}},"line":34},"2":{"name":"createWishlistCaller","decl":{"start":{"line":38,"column":16},"end":{"line":38,"column":37}},"loc":{"start":{"line":38,"column":59},"end":{"line":40,"column":null}},"line":38},"3":{"name":"createStockAlertCaller","decl":{"start":{"line":42,"column":16},"end":{"line":42,"column":39}},"loc":{"start":{"line":42,"column":61},"end":{"line":44,"column":null}},"line":42}},"branchMap":{"0":{"loc":{"start":{"line":19,"column":12},"end":{"line":19,"column":null}},"type":"binary-expr","locations":[{"start":{"line":19,"column":12},"end":{"line":19,"column":27}},{"start":{"line":19,"column":27},"end":{"line":19,"column":null}}],"line":19},"1":{"loc":{"start":{"line":20,"column":10},"end":{"line":20,"column":null}},"type":"binary-expr","locations":[{"start":{"line":20,"column":10},"end":{"line":20,"column":23}},{"start":{"line":20,"column":23},"end":{"line":20,"column":null}}],"line":20}},"s":{"0":61,"1":3,"2":3,"3":26,"4":20,"5":15},"f":{"0":61,"1":26,"2":20,"3":15},"b":{"0":[61,26],"1":[61,50]},"meta":{"lastBranch":2,"lastFunction":4,"lastStatement":6,"seen":{"f:17:16:17:29":0,"s:18:2:22:Infinity":0,"b:19:12:19:27:19:27:19:Infinity":0,"b:20:10:20:23:20:23:20:Infinity":1,"s:27:6:27:Infinity":1,"s:28:6:28:Infinity":2,"f:34:16:34:33":1,"s:35:2:35:Infinity":3,"f:38:16:38:37":2,"s:39:2:39:Infinity":4,"f:42:16:42:39":3,"s:43:2:43:Infinity":5}}}
,"/Users/bryan/Documents/Projects/Bryan/shonen-mart/packages/trpc/src/__tests__/helpers/mockPrisma.ts": {"path":"/Users/bryan/Documents/Projects/Bryan/shonen-mart/packages/trpc/src/__tests__/helpers/mockPrisma.ts","statementMap":{"0":{"start":{"line":9,"column":2},"end":{"line":24,"column":null}},"1":{"start":{"line":28,"column":23},"end":{"line":28,"column":null}},"2":{"start":{"line":29,"column":15},"end":{"line":40,"column":null}},"3":{"start":{"line":43,"column":2},"end":{"line":45,"column":null}},"4":{"start":{"line":44,"column":4},"end":{"line":44,"column":null}},"5":{"start":{"line":47,"column":2},"end":{"line":47,"column":null}}},"fnMap":{"0":{"name":"makeModelMock","decl":{"start":{"line":8,"column":9},"end":{"line":8,"column":25}},"loc":{"start":{"line":8,"column":25},"end":{"line":25,"column":null}},"line":8},"1":{"name":"createMockPrisma","decl":{"start":{"line":27,"column":16},"end":{"line":27,"column":35}},"loc":{"start":{"line":27,"column":35},"end":{"line":48,"column":null}},"line":27},"2":{"name":"(anonymous_2)","decl":{"start":{"line":43,"column":34},"end":{"line":43,"column":41}},"loc":{"start":{"line":43,"column":84},"end":{"line":45,"column":3}},"line":43}},"branchMap":{},"s":{"0":315,"1":35,"2":35,"3":35,"4":0,"5":35},"f":{"0":315,"1":35,"2":0},"b":{},"meta":{"lastBranch":0,"lastFunction":3,"lastStatement":6,"seen":{"f:8:9:8:25":0,"s:9:2:24:Infinity":0,"f:27:16:27:35":1,"s:28:23:28:Infinity":1,"s:29:15:40:Infinity":2,"s:43:2:45:Infinity":3,"f:43:34:43:41":2,"s:44:4:44:Infinity":4,"s:47:2:47:Infinity":5}}}
,"/Users/bryan/Documents/Projects/Bryan/shonen-mart/packages/trpc/src/routers/address.ts": {"path":"/Users/bryan/Documents/Projects/Bryan/shonen-mart/packages/trpc/src/routers/address.ts","statementMap":{"0":{"start":{"line":4,"column":13},"end":{"line":101,"column":null}},"1":{"start":{"line":19,"column":6},"end":{"line":24,"column":null}},"2":{"start":{"line":20,"column":8},"end":{"line":23,"column":null}},"3":{"start":{"line":27,"column":20},"end":{"line":27,"column":null}},"4":{"start":{"line":28,"column":24},"end":{"line":28,"column":null}},"5":{"start":{"line":30,"column":6},"end":{"line":36,"column":null}},"6":{"start":{"line":55,"column":27},"end":{"line":55,"column":null}},"7":{"start":{"line":58,"column":22},"end":{"line":60,"column":null}},"8":{"start":{"line":62,"column":6},"end":{"line":64,"column":null}},"9":{"start":{"line":63,"column":8},"end":{"line":63,"column":null}},"10":{"start":{"line":66,"column":6},"end":{"line":71,"column":null}},"11":{"start":{"line":67,"column":8},"end":{"line":70,"column":null}},"12":{"start":{"line":73,"column":6},"end":{"line":76,"column":null}},"13":{"start":{"line":82,"column":22},"end":{"line":84,"column":null}},"14":{"start":{"line":86,"column":6},"end":{"line":88,"column":null}},"15":{"start":{"line":87,"column":8},"end":{"line":87,"column":null}},"16":{"start":{"line":90,"column":6},"end":{"line":92,"column":null}},"17":{"start":{"line":96,"column":4},"end":{"line":99,"column":null}}},"fnMap":{"0":{"name":"(anonymous_0)","decl":{"start":{"line":17,"column":14},"end":{"line":17,"column":21}},"loc":{"start":{"line":17,"column":40},"end":{"line":37,"column":5}},"line":17},"1":{"name":"(anonymous_1)","decl":{"start":{"line":54,"column":14},"end":{"line":54,"column":21}},"loc":{"start":{"line":54,"column":40},"end":{"line":77,"column":5}},"line":54},"2":{"name":"(anonymous_2)","decl":{"start":{"line":81,"column":14},"end":{"line":81,"column":21}},"loc":{"start":{"line":81,"column":40},"end":{"line":93,"column":5}},"line":81},"3":{"name":"(anonymous_3)","decl":{"start":{"line":95,"column":35},"end":{"line":95,"column":42}},"loc":{"start":{"line":95,"column":54},"end":{"line":100,"column":3}},"line":95}},"branchMap":{"0":{"loc":{"start":{"line":19,"column":6},"end":{"line":24,"column":null}},"type":"if","locations":[{"start":{"line":19,"column":6},"end":{"line":24,"column":null}},{"start":{},"end":{}}],"line":19},"1":{"loc":{"start":{"line":28,"column":24},"end":{"line":28,"column":null}},"type":"cond-expr","locations":[{"start":{"line":28,"column":38},"end":{"line":28,"column":45}},{"start":{"line":28,"column":45},"end":{"line":28,"column":null}}],"line":28},"2":{"loc":{"start":{"line":62,"column":6},"end":{"line":64,"column":null}},"type":"if","locations":[{"start":{"line":62,"column":6},"end":{"line":64,"column":null}},{"start":{},"end":{}}],"line":62},"3":{"loc":{"start":{"line":62,"column":10},"end":{"line":62,"column":53}},"type":"binary-expr","locations":[{"start":{"line":62,"column":10},"end":{"line":62,"column":22}},{"start":{"line":62,"column":22},"end":{"line":62,"column":53}}],"line":62},"4":{"loc":{"start":{"line":66,"column":6},"end":{"line":71,"column":null}},"type":"if","locations":[{"start":{"line":66,"column":6},"end":{"line":71,"column":null}},{"start":{},"end":{}}],"line":66},"5":{"loc":{"start":{"line":86,"column":6},"end":{"line":88,"column":null}},"type":"if","locations":[{"start":{"line":86,"column":6},"end":{"line":88,"column":null}},{"start":{},"end":{}}],"line":86},"6":{"loc":{"start":{"line":86,"column":10},"end":{"line":86,"column":53}},"type":"binary-expr","locations":[{"start":{"line":86,"column":10},"end":{"line":86,"column":22}},{"start":{"line":86,"column":22},"end":{"line":86,"column":53}}],"line":86}},"s":{"0":3,"1":0,"2":0,"3":0,"4":0,"5":0,"6":0,"7":0,"8":0,"9":0,"10":0,"11":0,"12":0,"13":0,"14":0,"15":0,"16":0,"17":0},"f":{"0":0,"1":0,"2":0,"3":0},"b":{"0":[0,0],"1":[0,0],"2":[0,0],"3":[0,0],"4":[0,0],"5":[0,0],"6":[0,0]},"meta":{"lastBranch":7,"lastFunction":4,"lastStatement":18,"seen":{"s:4:13:101:Infinity":0,"f:17:14:17:21":0,"b:19:6:24:Infinity:undefined:undefined:undefined:undefined":0,"s:19:6:24:Infinity":1,"s:20:8:23:Infinity":2,"s:27:20:27:Infinity":3,"s:28:24:28:Infinity":4,"b:28:38:28:45:28:45:28:Infinity":1,"s:30:6:36:Infinity":5,"f:54:14:54:21":1,"s:55:27:55:Infinity":6,"s:58:22:60:Infinity":7,"b:62:6:64:Infinity:undefined:undefined:undefined:undefined":2,"s:62:6:64:Infinity":8,"b:62:10:62:22:62:22:62:53":3,"s:63:8:63:Infinity":9,"b:66:6:71:Infinity:undefined:undefined:undefined:undefined":4,"s:66:6:71:Infinity":10,"s:67:8:70:Infinity":11,"s:73:6:76:Infinity":12,"f:81:14:81:21":2,"s:82:22:84:Infinity":13,"b:86:6:88:Infinity:undefined:undefined:undefined:undefined":5,"s:86:6:88:Infinity":14,"b:86:10:86:22:86:22:86:53":6,"s:87:8:87:Infinity":15,"s:90:6:92:Infinity":16,"f:95:35:95:42":3,"s:96:4:99:Infinity":17}}}
,"/Users/bryan/Documents/Projects/Bryan/shonen-mart/packages/trpc/src/routers/stockAlert.ts": {"path":"/Users/bryan/Documents/Projects/Bryan/shonen-mart/packages/trpc/src/routers/stockAlert.ts","statementMap":{"0":{"start":{"line":4,"column":13},"end":{"line":95,"column":null}},"1":{"start":{"line":8,"column":6},"end":{"line":24,"column":null}},"2":{"start":{"line":30,"column":6},"end":{"line":37,"column":null}},"3":{"start":{"line":43,"column":20},"end":{"line":50,"column":null}},"4":{"start":{"line":51,"column":6},"end":{"line":51,"column":null}},"5":{"start":{"line":60,"column":6},"end":{"line":60,"column":null}},"6":{"start":{"line":60,"column":41},"end":{"line":60,"column":null}},"7":{"start":{"line":62,"column":21},"end":{"line":69,"column":null}},"8":{"start":{"line":72,"column":46},"end":{"line":72,"column":null}},"9":{"start":{"line":73,"column":6},"end":{"line":73,"column":null}},"10":{"start":{"line":73,"column":41},"end":{"line":73,"column":null}},"11":{"start":{"line":74,"column":6},"end":{"line":74,"column":null}},"12":{"start":{"line":74,"column":34},"end":{"line":74,"column":null}},"13":{"start":{"line":75,"column":6},"end":{"line":75,"column":null}},"14":{"start":{"line":79,"column":4},"end":{"line":93,"column":null}}},"fnMap":{"0":{"name":"(anonymous_0)","decl":{"start":{"line":7,"column":14},"end":{"line":7,"column":21}},"loc":{"start":{"line":7,"column":40},"end":{"line":25,"column":5}},"line":7},"1":{"name":"(anonymous_1)","decl":{"start":{"line":29,"column":14},"end":{"line":29,"column":21}},"loc":{"start":{"line":29,"column":40},"end":{"line":38,"column":5}},"line":29},"2":{"name":"(anonymous_2)","decl":{"start":{"line":42,"column":11},"end":{"line":42,"column":18}},"loc":{"start":{"line":42,"column":37},"end":{"line":52,"column":5}},"line":42},"3":{"name":"(anonymous_3)","decl":{"start":{"line":59,"column":11},"end":{"line":59,"column":18}},"loc":{"start":{"line":59,"column":37},"end":{"line":76,"column":5}},"line":59},"4":{"name":"(anonymous_4)","decl":{"start":{"line":78,"column":40},"end":{"line":78,"column":47}},"loc":{"start":{"line":78,"column":59},"end":{"line":94,"column":3}},"line":78}},"branchMap":{"0":{"loc":{"start":{"line":51,"column":13},"end":{"line":51,"column":null}},"type":"binary-expr","locations":[{"start":{"line":51,"column":13},"end":{"line":51,"column":24}},{"start":{"line":51,"column":24},"end":{"line":51,"column":null}}],"line":51},"1":{"loc":{"start":{"line":60,"column":6},"end":{"line":60,"column":null}},"type":"if","locations":[{"start":{"line":60,"column":6},"end":{"line":60,"column":null}},{"start":{},"end":{}}],"line":60}},"s":{"0":3,"1":3,"2":1,"3":4,"4":4,"5":0,"6":0,"7":0,"8":0,"9":0,"10":0,"11":0,"12":0,"13":0,"14":2},"f":{"0":3,"1":1,"2":4,"3":0,"4":2},"b":{"0":[4,2],"1":[0,0]},"meta":{"lastBranch":2,"lastFunction":5,"lastStatement":15,"seen":{"s:4:13:95:Infinity":0,"f:7:14:7:21":0,"s:8:6:24:Infinity":1,"f:29:14:29:21":1,"s:30:6:37:Infinity":2,"f:42:11:42:18":2,"s:43:20:50:Infinity":3,"s:51:6:51:Infinity":4,"b:51:13:51:24:51:24:51:Infinity":0,"f:59:11:59:18":3,"b:60:6:60:Infinity:undefined:undefined:undefined:undefined":1,"s:60:6:60:Infinity":5,"s:60:41:60:Infinity":6,"s:62:21:69:Infinity":7,"s:72:46:72:Infinity":8,"s:73:6:73:Infinity":9,"s:73:41:73:Infinity":10,"s:74:6:74:Infinity":11,"s:74:34:74:Infinity":12,"s:75:6:75:Infinity":13,"f:78:40:78:47":4,"s:79:4:93:Infinity":14}}}
,"/Users/bryan/Documents/Projects/Bryan/shonen-mart/packages/trpc/src/routers/wishlist.ts": {"path":"/Users/bryan/Documents/Projects/Bryan/shonen-mart/packages/trpc/src/routers/wishlist.ts","statementMap":{"0":{"start":{"line":4,"column":13},"end":{"line":133,"column":null}},"1":{"start":{"line":8,"column":6},"end":{"line":13,"column":null}},"2":{"start":{"line":19,"column":6},"end":{"line":26,"column":null}},"3":{"start":{"line":30,"column":4},"end":{"line":41,"column":null}},"4":{"start":{"line":47,"column":19},"end":{"line":54,"column":null}},"5":{"start":{"line":55,"column":6},"end":{"line":55,"column":null}},"6":{"start":{"line":64,"column":6},"end":{"line":64,"column":null}},"7":{"start":{"line":64,"column":41},"end":{"line":64,"column":null}},"8":{"start":{"line":66,"column":20},"end":{"line":72,"column":null}},"9":{"start":{"line":76,"column":46},"end":{"line":76,"column":null}},"10":{"start":{"line":77,"column":6},"end":{"line":77,"column":null}},"11":{"start":{"line":77,"column":41},"end":{"line":77,"column":null}},"12":{"start":{"line":78,"column":6},"end":{"line":78,"column":null}},"13":{"start":{"line":78,"column":32},"end":{"line":78,"column":null}},"14":{"start":{"line":79,"column":6},"end":{"line":79,"column":null}},"15":{"start":{"line":84,"column":17},"end":{"line":87,"column":null}},"16":{"start":{"line":89,"column":4},"end":{"line":91,"column":null}},"17":{"start":{"line":90,"column":6},"end":{"line":90,"column":null}},"18":{"start":{"line":94,"column":20},"end":{"line":98,"column":null}},"19":{"start":{"line":100,"column":4},"end":{"line":100,"column":null}},"20":{"start":{"line":106,"column":19},"end":{"line":109,"column":null}},"21":{"start":{"line":111,"column":6},"end":{"line":113,"column":null}},"22":{"start":{"line":112,"column":8},"end":{"line":112,"column":null}},"23":{"start":{"line":115,"column":20},"end":{"line":126,"column":null}},"24":{"start":{"line":128,"column":6},"end":{"line":131,"column":null}}},"fnMap":{"0":{"name":"(anonymous_0)","decl":{"start":{"line":7,"column":14},"end":{"line":7,"column":21}},"loc":{"start":{"line":7,"column":40},"end":{"line":14,"column":5}},"line":7},"1":{"name":"(anonymous_1)","decl":{"start":{"line":18,"column":14},"end":{"line":18,"column":21}},"loc":{"start":{"line":18,"column":40},"end":{"line":27,"column":5}},"line":18},"2":{"name":"(anonymous_2)","decl":{"start":{"line":29,"column":36},"end":{"line":29,"column":43}},"loc":{"start":{"line":29,"column":55},"end":{"line":42,"column":3}},"line":29},"3":{"name":"(anonymous_3)","decl":{"start":{"line":46,"column":11},"end":{"line":46,"column":18}},"loc":{"start":{"line":46,"column":37},"end":{"line":56,"column":5}},"line":46},"4":{"name":"(anonymous_4)","decl":{"start":{"line":63,"column":11},"end":{"line":63,"column":18}},"loc":{"start":{"line":63,"column":37},"end":{"line":80,"column":5}},"line":63},"5":{"name":"(anonymous_5)","decl":{"start":{"line":83,"column":42},"end":{"line":83,"column":49}},"loc":{"start":{"line":83,"column":61},"end":{"line":101,"column":3}},"line":83},"6":{"name":"(anonymous_6)","decl":{"start":{"line":105,"column":11},"end":{"line":105,"column":18}},"loc":{"start":{"line":105,"column":37},"end":{"line":132,"column":5}},"line":105}},"branchMap":{"0":{"loc":{"start":{"line":64,"column":6},"end":{"line":64,"column":null}},"type":"if","locations":[{"start":{"line":64,"column":6},"end":{"line":64,"column":null}},{"start":{},"end":{}}],"line":64},"1":{"loc":{"start":{"line":89,"column":4},"end":{"line":91,"column":null}},"type":"if","locations":[{"start":{"line":89,"column":4},"end":{"line":91,"column":null}},{"start":{},"end":{}}],"line":89},"2":{"loc":{"start":{"line":111,"column":6},"end":{"line":113,"column":null}},"type":"if","locations":[{"start":{"line":111,"column":6},"end":{"line":113,"column":null}},{"start":{},"end":{}}],"line":111}},"s":{"0":3,"1":3,"2":1,"3":2,"4":3,"5":3,"6":0,"7":0,"8":0,"9":0,"10":0,"11":0,"12":0,"13":0,"14":0,"15":2,"16":2,"17":1,"18":1,"19":1,"20":4,"21":4,"22":2,"23":2,"24":2},"f":{"0":3,"1":1,"2":2,"3":3,"4":0,"5":2,"6":4},"b":{"0":[0,0],"1":[1,1],"2":[2,2]},"meta":{"lastBranch":3,"lastFunction":7,"lastStatement":25,"seen":{"s:4:13:133:Infinity":0,"f:7:14:7:21":0,"s:8:6:13:Infinity":1,"f:18:14:18:21":1,"s:19:6:26:Infinity":2,"f:29:36:29:43":2,"s:30:4:41:Infinity":3,"f:46:11:46:18":3,"s:47:19:54:Infinity":4,"s:55:6:55:Infinity":5,"f:63:11:63:18":4,"b:64:6:64:Infinity:undefined:undefined:undefined:undefined":0,"s:64:6:64:Infinity":6,"s:64:41:64:Infinity":7,"s:66:20:72:Infinity":8,"s:76:46:76:Infinity":9,"s:77:6:77:Infinity":10,"s:77:41:77:Infinity":11,"s:78:6:78:Infinity":12,"s:78:32:78:Infinity":13,"s:79:6:79:Infinity":14,"f:83:42:83:49":5,"s:84:17:87:Infinity":15,"b:89:4:91:Infinity:undefined:undefined:undefined:undefined":1,"s:89:4:91:Infinity":16,"s:90:6:90:Infinity":17,"s:94:20:98:Infinity":18,"s:100:4:100:Infinity":19,"f:105:11:105:18":6,"s:106:19:109:Infinity":20,"b:111:6:113:Infinity:undefined:undefined:undefined:undefined":2,"s:111:6:113:Infinity":21,"s:112:8:112:Infinity":22,"s:115:20:126:Infinity":23,"s:128:6:131:Infinity":24}}}
}
